{"uuid":"4756649c-c96b-4d75-a412-93fe972d03de","historyId":"1199b737343a4582a4557b27e36d6934","labels":[{"name":"suite","value":"etap.etap.login.AuthorizationTest"},{"name":"package","value":"etap.etap.login.AuthorizationTest"}],"name":"loginTest()","status":"broken","statusDetails":{"known":false,"muted":false,"flaky":false,"message":"Unable to provision, see the following errors:\r\n\r\n1) Error in custom provider, java.lang.IllegalStateException: The path to the driver executable must be set by the webdriver.chrome.driver system property; for more information, see https://github.com/SeleniumHQ/selenium/wiki/ChromeDriver. The latest version can be downloaded from http://chromedriver.storage.googleapis.com/index.html\r\n  while locating com.cognifide.qa.bb.provider.selenium.webdriver.WebDriverProvider\r\n  while locating org.openqa.selenium.WebDriver\r\n  while locating com.cognifide.qa.bb.aem.core.siteadmin.actions.CreatePageAction\r\n  while locating com.cognifide.qa.bb.api.actions.ActionWithData annotated with @com.google.inject.internal.Element(setName=,uniqueId=17, type=MAPBINDER, keyType=java.lang.String)\r\n  while locating java.util.Map<java.lang.String, com.cognifide.qa.bb.api.actions.ActionWithData>\r\n    for field at com.cognifide.qa.bb.api.actions.internal.DefaultController.actionWithData(DefaultController.java:39)\r\n  while locating com.cognifide.qa.bb.api.actions.internal.DefaultController\r\n  while locating com.cognifide.qa.bb.api.actions.ActionsController\r\n    for field at etap.etap.login.AuthorizationTest.controller(AuthorizationTest.java:27)\r\n  while locating etap.etap.login.AuthorizationTest\r\n\r\n1 error","trace":"com.google.inject.ProvisionException: Unable to provision, see the following errors:\r\n\r\n1) Error in custom provider, java.lang.IllegalStateException: The path to the driver executable must be set by the webdriver.chrome.driver system property; for more information, see https://github.com/SeleniumHQ/selenium/wiki/ChromeDriver. The latest version can be downloaded from http://chromedriver.storage.googleapis.com/index.html\r\n  while locating com.cognifide.qa.bb.provider.selenium.webdriver.WebDriverProvider\r\n  while locating org.openqa.selenium.WebDriver\r\n  while locating com.cognifide.qa.bb.aem.core.siteadmin.actions.CreatePageAction\r\n  while locating com.cognifide.qa.bb.api.actions.ActionWithData annotated with @com.google.inject.internal.Element(setName=,uniqueId=17, type=MAPBINDER, keyType=java.lang.String)\r\n  while locating java.util.Map<java.lang.String, com.cognifide.qa.bb.api.actions.ActionWithData>\r\n    for field at com.cognifide.qa.bb.api.actions.internal.DefaultController.actionWithData(DefaultController.java:39)\r\n  while locating com.cognifide.qa.bb.api.actions.internal.DefaultController\r\n  while locating com.cognifide.qa.bb.api.actions.ActionsController\r\n    for field at etap.etap.login.AuthorizationTest.controller(AuthorizationTest.java:27)\r\n  while locating etap.etap.login.AuthorizationTest\r\n\r\n1 error\r\n\tat com.google.inject.internal.InternalProvisionException.toProvisionException(InternalProvisionException.java:226)\r\n\tat com.google.inject.internal.MembersInjectorImpl.injectMembers(MembersInjectorImpl.java:73)\r\n\tat com.google.inject.internal.InjectorImpl.injectMembers(InjectorImpl.java:1014)\r\n\tat com.cognifide.qa.bb.junit5.guice.GuiceExtension.lambda$postProcessTestInstance$0(GuiceExtension.java:60)\r\n\tat java.util.Optional.ifPresent(Optional.java:159)\r\n\tat com.cognifide.qa.bb.junit5.guice.GuiceExtension.postProcessTestInstance(GuiceExtension.java:60)\r\n\tat org.junit.jupiter.engine.descriptor.ClassTestDescriptor.lambda$invokeTestInstancePostProcessors$3(ClassTestDescriptor.java:215)\r\n\tat org.junit.jupiter.engine.descriptor.JupiterTestDescriptor.executeAndMaskThrowable(JupiterTestDescriptor.java:141)\r\n\tat org.junit.jupiter.engine.descriptor.ClassTestDescriptor.lambda$invokeTestInstancePostProcessors$4(ClassTestDescriptor.java:215)\r\n\tat java.util.stream.ReferencePipeline$3$1.accept(ReferencePipeline.java:193)\r\n\tat java.util.stream.ReferencePipeline$2$1.accept(ReferencePipeline.java:175)\r\n\tat java.util.ArrayList$ArrayListSpliterator.forEachRemaining(ArrayList.java:1374)\r\n\tat java.util.stream.AbstractPipeline.copyInto(AbstractPipeline.java:481)\r\n\tat java.util.stream.AbstractPipeline.wrapAndCopyInto(AbstractPipeline.java:471)\r\n\tat java.util.stream.StreamSpliterators$WrappingSpliterator.forEachRemaining(StreamSpliterators.java:312)\r\n\tat java.util.stream.Streams$ConcatSpliterator.forEachRemaining(Streams.java:742)\r\n\tat java.util.stream.Streams$ConcatSpliterator.forEachRemaining(Streams.java:742)\r\n\tat java.util.stream.ReferencePipeline$Head.forEach(ReferencePipeline.java:580)\r\n\tat org.junit.jupiter.engine.descriptor.ClassTestDescriptor.invokeTestInstancePostProcessors(ClassTestDescriptor.java:214)\r\n\tat org.junit.jupiter.engine.descriptor.ClassTestDescriptor.instantiateAndPostProcessTestInstance(ClassTestDescriptor.java:196)\r\n\tat org.junit.jupiter.engine.descriptor.ClassTestDescriptor.lambda$testInstanceProvider$0(ClassTestDescriptor.java:185)\r\n\tat org.junit.jupiter.engine.descriptor.ClassTestDescriptor.lambda$testInstanceProvider$1(ClassTestDescriptor.java:189)\r\n\tat java.util.Optional.orElseGet(Optional.java:267)\r\n\tat org.junit.jupiter.engine.descriptor.ClassTestDescriptor.lambda$testInstanceProvider$2(ClassTestDescriptor.java:188)\r\n\tat org.junit.jupiter.engine.descriptor.TestMethodTestDescriptor.prepare(TestMethodTestDescriptor.java:81)\r\n\tat org.junit.jupiter.engine.descriptor.TestMethodTestDescriptor.prepare(TestMethodTestDescriptor.java:58)\r\n\tat org.junit.platform.engine.support.hierarchical.HierarchicalTestExecutor$NodeExecutor.prepare(HierarchicalTestExecutor.java:89)\r\n\tat org.junit.platform.engine.support.hierarchical.HierarchicalTestExecutor$NodeExecutor.execute(HierarchicalTestExecutor.java:74)\r\n\tat org.junit.platform.engine.support.hierarchical.HierarchicalTestExecutor$NodeExecutor.lambda$executeRecursively$2(HierarchicalTestExecutor.java:121)\r\n\tat java.util.stream.ForEachOps$ForEachOp$OfRef.accept(ForEachOps.java:184)\r\n\tat java.util.stream.ReferencePipeline$2$1.accept(ReferencePipeline.java:175)\r\n\tat java.util.Iterator.forEachRemaining(Iterator.java:116)\r\n\tat java.util.Spliterators$IteratorSpliterator.forEachRemaining(Spliterators.java:1801)\r\n\tat java.util.stream.AbstractPipeline.copyInto(AbstractPipeline.java:481)\r\n\tat java.util.stream.AbstractPipeline.wrapAndCopyInto(AbstractPipeline.java:471)\r\n\tat java.util.stream.ForEachOps$ForEachOp.evaluateSequential(ForEachOps.java:151)\r\n\tat java.util.stream.ForEachOps$ForEachOp$OfRef.evaluateSequential(ForEachOps.java:174)\r\n\tat java.util.stream.AbstractPipeline.evaluate(AbstractPipeline.java:234)\r\n\tat java.util.stream.ReferencePipeline.forEach(ReferencePipeline.java:418)\r\n\tat org.junit.platform.engine.support.hierarchical.HierarchicalTestExecutor$NodeExecutor.lambda$executeRecursively$3(HierarchicalTestExecutor.java:121)\r\n\tat org.junit.platform.engine.support.hierarchical.SingleTestExecutor.executeSafely(SingleTestExecutor.java:66)\r\n\tat org.junit.platform.engine.support.hierarchical.HierarchicalTestExecutor$NodeExecutor.executeRecursively(HierarchicalTestExecutor.java:108)\r\n\tat org.junit.platform.engine.support.hierarchical.HierarchicalTestExecutor$NodeExecutor.execute(HierarchicalTestExecutor.java:79)\r\n\tat org.junit.platform.engine.support.hierarchical.HierarchicalTestExecutor$NodeExecutor.lambda$executeRecursively$2(HierarchicalTestExecutor.java:121)\r\n\tat java.util.stream.ForEachOps$ForEachOp$OfRef.accept(ForEachOps.java:184)\r\n\tat java.util.stream.ReferencePipeline$2$1.accept(ReferencePipeline.java:175)\r\n\tat java.util.Iterator.forEachRemaining(Iterator.java:116)\r\n\tat java.util.Spliterators$IteratorSpliterator.forEachRemaining(Spliterators.java:1801)\r\n\tat java.util.stream.AbstractPipeline.copyInto(AbstractPipeline.java:481)\r\n\tat java.util.stream.AbstractPipeline.wrapAndCopyInto(AbstractPipeline.java:471)\r\n\tat java.util.stream.ForEachOps$ForEachOp.evaluateSequential(ForEachOps.java:151)\r\n\tat java.util.stream.ForEachOps$ForEachOp$OfRef.evaluateSequential(ForEachOps.java:174)\r\n\tat java.util.stream.AbstractPipeline.evaluate(AbstractPipeline.java:234)\r\n\tat java.util.stream.ReferencePipeline.forEach(ReferencePipeline.java:418)\r\n\tat org.junit.platform.engine.support.hierarchical.HierarchicalTestExecutor$NodeExecutor.lambda$executeRecursively$3(HierarchicalTestExecutor.java:121)\r\n\tat org.junit.platform.engine.support.hierarchical.SingleTestExecutor.executeSafely(SingleTestExecutor.java:66)\r\n\tat org.junit.platform.engine.support.hierarchical.HierarchicalTestExecutor$NodeExecutor.executeRecursively(HierarchicalTestExecutor.java:108)\r\n\tat org.junit.platform.engine.support.hierarchical.HierarchicalTestExecutor$NodeExecutor.execute(HierarchicalTestExecutor.java:79)\r\n\tat org.junit.platform.engine.support.hierarchical.HierarchicalTestExecutor.execute(HierarchicalTestExecutor.java:55)\r\n\tat org.junit.platform.engine.support.hierarchical.HierarchicalTestEngine.execute(HierarchicalTestEngine.java:43)\r\n\tat org.junit.platform.launcher.core.DefaultLauncher.execute(DefaultLauncher.java:170)\r\n\tat org.junit.platform.launcher.core.DefaultLauncher.execute(DefaultLauncher.java:154)\r\n\tat org.junit.platform.launcher.core.DefaultLauncher.execute(DefaultLauncher.java:90)\r\n\tat org.gradle.api.internal.tasks.testing.junitplatform.JUnitPlatformTestClassProcessor$CollectAllTestClassesExecutor.processAllTestClasses(JUnitPlatformTestClassProcessor.java:92)\r\n\tat org.gradle.api.internal.tasks.testing.junitplatform.JUnitPlatformTestClassProcessor$CollectAllTestClassesExecutor.access$100(JUnitPlatformTestClassProcessor.java:77)\r\n\tat org.gradle.api.internal.tasks.testing.junitplatform.JUnitPlatformTestClassProcessor.stop(JUnitPlatformTestClassProcessor.java:73)\r\n\tat org.gradle.api.internal.tasks.testing.SuiteTestClassProcessor.stop(SuiteTestClassProcessor.java:61)\r\n\tat sun.reflect.NativeMethodAccessorImpl.invoke0(Native Method)\r\n\tat sun.reflect.NativeMethodAccessorImpl.invoke(NativeMethodAccessorImpl.java:62)\r\n\tat sun.reflect.DelegatingMethodAccessorImpl.invoke(DelegatingMethodAccessorImpl.java:43)\r\n\tat java.lang.reflect.Method.invoke(Method.java:498)\r\n\tat org.gradle.internal.dispatch.ReflectionDispatch.dispatch(ReflectionDispatch.java:35)\r\n\tat org.gradle.internal.dispatch.ReflectionDispatch.dispatch(ReflectionDispatch.java:24)\r\n\tat org.gradle.internal.dispatch.ContextClassLoaderDispatch.dispatch(ContextClassLoaderDispatch.java:32)\r\n\tat org.gradle.internal.dispatch.ProxyDispatchAdapter$DispatchingInvocationHandler.invoke(ProxyDispatchAdapter.java:93)\r\n\tat com.sun.proxy.$Proxy1.stop(Unknown Source)\r\n\tat org.gradle.api.internal.tasks.testing.worker.TestWorker.stop(TestWorker.java:123)\r\n\tat sun.reflect.NativeMethodAccessorImpl.invoke0(Native Method)\r\n\tat sun.reflect.NativeMethodAccessorImpl.invoke(NativeMethodAccessorImpl.java:62)\r\n\tat sun.reflect.DelegatingMethodAccessorImpl.invoke(DelegatingMethodAccessorImpl.java:43)\r\n\tat java.lang.reflect.Method.invoke(Method.java:498)\r\n\tat org.gradle.internal.dispatch.ReflectionDispatch.dispatch(ReflectionDispatch.java:35)\r\n\tat org.gradle.internal.dispatch.ReflectionDispatch.dispatch(ReflectionDispatch.java:24)\r\n\tat org.gradle.internal.remote.internal.hub.MessageHubBackedObjectConnection$DispatchWrapper.dispatch(MessageHubBackedObjectConnection.java:155)\r\n\tat org.gradle.internal.remote.internal.hub.MessageHubBackedObjectConnection$DispatchWrapper.dispatch(MessageHubBackedObjectConnection.java:137)\r\n\tat org.gradle.internal.remote.internal.hub.MessageHub$Handler.run(MessageHub.java:404)\r\n\tat org.gradle.internal.concurrent.ExecutorPolicy$CatchAndRecordFailures.onExecute(ExecutorPolicy.java:63)\r\n\tat org.gradle.internal.concurrent.ManagedExecutorImpl$1.run(ManagedExecutorImpl.java:46)\r\n\tat java.util.concurrent.ThreadPoolExecutor.runWorker(ThreadPoolExecutor.java:1142)\r\n\tat java.util.concurrent.ThreadPoolExecutor$Worker.run(ThreadPoolExecutor.java:617)\r\n\tat org.gradle.internal.concurrent.ThreadFactoryImpl$ManagedThreadRunnable.run(ThreadFactoryImpl.java:55)\r\n\tat java.lang.Thread.run(Thread.java:748)\r\nCaused by: java.lang.IllegalStateException: The path to the driver executable must be set by the webdriver.chrome.driver system property; for more information, see https://github.com/SeleniumHQ/selenium/wiki/ChromeDriver. The latest version can be downloaded from http://chromedriver.storage.googleapis.com/index.html\r\n\tat com.google.common.base.Preconditions.checkState(Preconditions.java:847)\r\n\tat org.openqa.selenium.remote.service.DriverService.findExecutable(DriverService.java:125)\r\n\tat org.openqa.selenium.chrome.ChromeDriverService.access$000(ChromeDriverService.java:35)\r\n\tat org.openqa.selenium.chrome.ChromeDriverService$Builder.findDefaultExecutable(ChromeDriverService.java:159)\r\n\tat org.openqa.selenium.remote.service.DriverService$Builder.build(DriverService.java:346)\r\n\tat org.openqa.selenium.chrome.ChromeDriverService.createDefaultService(ChromeDriverService.java:94)\r\n\tat org.openqa.selenium.chrome.ChromeDriver.<init>(ChromeDriver.java:157)\r\n\tat com.cognifide.qa.bb.provider.selenium.webdriver.WebDriverType$2.create(WebDriverType.java:59)\r\n\tat com.cognifide.qa.bb.provider.selenium.webdriver.WebDriverProvider.create(WebDriverProvider.java:107)\r\n\tat com.cognifide.qa.bb.provider.selenium.webdriver.WebDriverProvider.get(WebDriverProvider.java:98)\r\n\tat com.cognifide.qa.bb.provider.selenium.webdriver.WebDriverProvider.get(WebDriverProvider.java:48)\r\n\tat com.google.inject.internal.ProviderInternalFactory.provision(ProviderInternalFactory.java:85)\r\n\tat com.google.inject.internal.BoundProviderFactory.provision(BoundProviderFactory.java:77)\r\n\tat com.google.inject.internal.ProviderInternalFactory.circularGet(ProviderInternalFactory.java:59)\r\n\tat com.google.inject.internal.BoundProviderFactory.get(BoundProviderFactory.java:61)\r\n\tat com.google.inject.internal.InjectorImpl$1.get(InjectorImpl.java:1050)\r\n\tat com.google.inject.spi.ProviderLookup$1.get(ProviderLookup.java:111)\r\n\tat com.cognifide.qa.bb.mapper.PageObjectInjectorListener.getCurrentContext(PageObjectInjectorListener.java:148)\r\n\tat com.cognifide.qa.bb.mapper.PageObjectInjectorListener.getFramePath(PageObjectInjectorListener.java:97)\r\n\tat com.cognifide.qa.bb.mapper.PageObjectInjectorListener.setFramePath(PageObjectInjectorListener.java:90)\r\n\tat com.cognifide.qa.bb.mapper.PageObjectInjectorListener.afterInjection(PageObjectInjectorListener.java:83)\r\n\tat com.google.inject.internal.MembersInjectorImpl.notifyListeners(MembersInjectorImpl.java:131)\r\n\tat com.google.inject.internal.ConstructorInjector.provision(ConstructorInjector.java:125)\r\n\tat com.google.inject.internal.ConstructorInjector.construct(ConstructorInjector.java:91)\r\n\tat com.google.inject.internal.ConstructorBindingImpl$Factory.get(ConstructorBindingImpl.java:306)\r\n\tat com.google.inject.internal.FactoryProxy.get(FactoryProxy.java:62)\r\n\tat com.google.inject.internal.SingleParameterInjector.inject(SingleParameterInjector.java:42)\r\n\tat com.google.inject.internal.RealMapBinder$RealMapProvider.doProvision(RealMapBinder.java:796)\r\n\tat com.google.inject.internal.RealMapBinder$RealMapProvider.doProvision(RealMapBinder.java:733)\r\n\tat com.google.inject.internal.InternalProviderInstanceBindingImpl$Factory.get(InternalProviderInstanceBindingImpl.java:113)\r\n\tat com.google.inject.internal.SingleFieldInjector.inject(SingleFieldInjector.java:52)\r\n\tat com.google.inject.internal.MembersInjectorImpl.injectMembers(MembersInjectorImpl.java:147)\r\n\tat com.google.inject.internal.ConstructorInjector.provision(ConstructorInjector.java:124)\r\n\tat com.google.inject.internal.ConstructorInjector.construct(ConstructorInjector.java:91)\r\n\tat com.google.inject.internal.ConstructorBindingImpl$Factory.get(ConstructorBindingImpl.java:306)\r\n\tat com.google.inject.internal.FactoryProxy.get(FactoryProxy.java:62)\r\n\tat com.google.inject.internal.SingleFieldInjector.inject(SingleFieldInjector.java:52)\r\n\tat com.google.inject.internal.MembersInjectorImpl.injectMembers(MembersInjectorImpl.java:147)\r\n\tat com.google.inject.internal.MembersInjectorImpl.injectAndNotify(MembersInjectorImpl.java:101)\r\n\tat com.google.inject.internal.MembersInjectorImpl.injectMembers(MembersInjectorImpl.java:71)\r\n\t... 90 more\r\n"},"stage":"finished","description":"Login to author instance and open test page","start":1558444209646,"stop":1558444209673}